<?xml version="1.0" encoding="UTF-8"?>
<!-- Generated by org.testng.reporters.JUnitReportReporter -->
<testsuite hostname="LAPTOP-U93KTHPP" failures="0" tests="6" name="testClasses.VerifyHomaPage" time="64.188" errors="0" timestamp="2021-10-30T11:09:44 IST" skipped="2">
  <testcase classname="testClasses.VerifyHomaPage" name="verifyMarket" time="10.660"/>
  <system-out/>
  <testcase classname="testClasses.VerifyHomaPage" name="verifyFriend" time="18.662"/>
  <system-out/>
  <testcase classname="testClasses.VerifyHomaPage" name="verifyFriend" time="12.678"/>
  <system-out/>
  <testcase classname="testClasses.VerifyHomaPage" name="verifyMarket" time="22.188"/>
  <system-out/>
  <testcase classname="testClasses.VerifyHomaPage" name="verifyNotification">
    <skipped/>
  </testcase> <!-- verifyNotification -->
  <system-out/>
  <testcase classname="testClasses.VerifyHomaPage" name="verifyNotification">
    <skipped/>
  </testcase> <!-- verifyNotification -->
  <system-out/>
</testsuite> <!-- testClasses.VerifyHomaPage -->
